<?xml version="1.0" encoding="UTF-8"?>
<!-- Generated by org.testng.reporters.JUnitReportReporter -->
<testsuite skipped="0" hostname="kalairani" name="org.testng.BrowserLaunch" tests="3" failures="0" timestamp="09 Apr 2022 02:35:42 GMT" time="0.015" errors="0">
  <testcase name="tc1" time="0.012" classname="org.testng.BrowserLaunch"/>
  <testcase name="tc2" time="0.002" classname="org.testng.BrowserLaunch"/>
  <testcase name="tc3" time="0.001" classname="org.testng.BrowserLaunch"/>
</testsuite> <!-- org.testng.BrowserLaunch -->
