<?xml version="1.0" encoding="UTF-8"?>
<!-- Generated by org.testng.reporters.JUnitReportReporter -->
<testsuite skipped="0" hostname="kalairani" name="org.testng.ExecutableClass" tests="3" failures="0" timestamp="09 Apr 2022 04:00:43 GMT" time="0.051" errors="0">
  <testcase name="tc4" time="0.020" classname="org.testng.ExecutableClass"/>
  <testcase name="tc6" time="0.025" classname="org.testng.ExecutableClass"/>
  <testcase name="tc5" time="0.006" classname="org.testng.ExecutableClass"/>
</testsuite> <!-- org.testng.ExecutableClass -->
