<?xml version="1.0" encoding="UTF-8"?>
<!-- Generated by org.testng.reporters.JUnitReportReporter -->
<testsuite skipped="1" hostname="kalairani" name="org.tng.SamplePrg" tests="8" failures="0" timestamp="05 Apr 2022 09:49:52 GMT" time="0.015" errors="0">
  <testcase name="tc1" time="0.000" classname="org.tng.SamplePrg"/>
  <testcase name="tc1" time="0.000" classname="org.tng.SamplePrg"/>
  <testcase name="tc1" time="0.015" classname="org.tng.SamplePrg"/>
  <testcase name="tc4" time="0.000" classname="org.tng.SamplePrg"/>
  <testcase name="tc3" time="0.000" classname="org.tng.SamplePrg"/>
  <testcase name="tc2" time="0.000" classname="org.tng.SamplePrg"/>
  <testcase name="tc2" time="0.000" classname="org.tng.SamplePrg"/>
  <testcase name="tc5" classname="org.tng.SamplePrg">
    <skipped/>
  </testcase> <!-- tc5 -->
</testsuite> <!-- org.tng.SamplePrg -->
