<?xml version="1.0" encoding="UTF-8"?>
<!-- Generated by org.testng.reporters.JUnitReportReporter -->
<testsuite skipped="0" hostname="kalairani" name="org.tng.C" tests="2" failures="0" timestamp="09 Apr 2022 02:16:45 GMT" time="0.006" errors="0">
  <testcase name="tc8" time="0.002" classname="org.tng.C"/>
  <testcase name="tc7" time="0.004" classname="org.tng.C"/>
</testsuite> <!-- org.tng.C -->
