<?xml version="1.0" encoding="UTF-8"?>
<!-- Generated by org.testng.reporters.JUnitReportReporter -->
<testsuite skipped="0" hostname="kalairani" name="org.tng.A" tests="3" failures="0" timestamp="09 Apr 2022 02:16:45 GMT" time="0.018" errors="0">
  <testcase name="tc2" time="0.010" classname="org.tng.A"/>
  <testcase name="tc3" time="0.001" classname="org.tng.A"/>
  <testcase name="tcl" time="0.007" classname="org.tng.A"/>
</testsuite> <!-- org.tng.A -->
