<?xml version="1.0" encoding="UTF-8"?>
<!-- Generated by org.testng.reporters.JUnitReportReporter -->
<testsuite skipped="0" hostname="kalairani" name="org.tng.Sample" tests="3" failures="0" timestamp="04 Apr 2022 10:40:55 GMT" time="0.013" errors="0">
  <testcase name="tc1" time="0.007" classname="org.tng.Sample"/>
  <testcase name="tc2" time="0.002" classname="org.tng.Sample"/>
  <testcase name="tc3" time="0.004" classname="org.tng.Sample"/>
</testsuite> <!-- org.tng.Sample -->
