<?xml version="1.0" encoding="UTF-8"?>
<!-- Generated by org.testng.reporters.JUnitReportReporter -->
<testsuite skipped="0" hostname="kalairani" name="org.tng.SampleTestng" tests="1" failures="0" timestamp="05 Apr 2022 10:06:55 GMT" time="0.372" errors="0">
  <testcase name="tc1" time="0.372" classname="org.tng.SampleTestng"/>
</testsuite> <!-- org.tng.SampleTestng -->
