<?xml version="1.0" encoding="UTF-8"?>
<!-- Generated by org.testng.reporters.JUnitReportReporter -->
<testsuite skipped="0" hostname="kalairani" name="org.testng.CrossBrowserTest" tests="3" failures="0" timestamp="11 Apr 2022 12:30:47 GMT" time="47.676" errors="0">
  <testcase name="crossBrowser" time="23.911" classname="org.testng.CrossBrowserTest"/>
  <testcase name="crossBrowser" time="7.988" classname="org.testng.CrossBrowserTest"/>
  <testcase name="crossBrowser" time="15.777" classname="org.testng.CrossBrowserTest"/>
</testsuite> <!-- org.testng.CrossBrowserTest -->
