<?xml version="1.0" encoding="UTF-8"?>
<!-- Generated by org.testng.reporters.JUnitReportReporter -->
<testsuite skipped="0" hostname="kalairani" name="org.tng.B" tests="3" failures="0" timestamp="09 Apr 2022 02:16:45 GMT" time="0.003" errors="0">
  <testcase name="tc4" time="0.002" classname="org.tng.B"/>
  <testcase name="tc6" time="0.000" classname="org.tng.B"/>
  <testcase name="tc5" time="0.001" classname="org.tng.B"/>
</testsuite> <!-- org.tng.B -->
